[main 7371e3e] Auto backup: 2026-03-11 00:00:01 | 1 files
 1 file changed, 0 insertions(+), 0 deletions(-)
 create mode 100644 logs/backup.log
To https://github.com/zhouyouhulianwang/openclaw-data.git
   99d9bba..7371e3e  main -> main
[2026-03-11 00:00:03] Backup complete
[main cfca711] Auto backup: 2026-03-11 06:00:01 | 1 files
 1 file changed, 6 insertions(+)
To https://github.com/zhouyouhulianwang/openclaw-data.git
   7371e3e..cfca711  main -> main
[2026-03-11 06:00:02] Backup complete
[main 9ed6cfc] Auto backup: 2026-03-11 12:00:01 | 2 files
 2 files changed, 11 insertions(+)
 create mode 100644 logs/daily-briefing.log
To https://github.com/zhouyouhulianwang/openclaw-data.git
   e68b953..9ed6cfc  main -> main
[2026-03-11 12:00:02] Backup complete
[main d7f2060] Auto backup: 2026-03-11 18:00:01 | 2 files
 2 files changed, 19 insertions(+)
 create mode 100644 logs/market-briefings.log
To https://github.com/zhouyouhulianwang/openclaw-data.git
   9ed6cfc..d7f2060  main -> main
[2026-03-11 18:00:02] Backup complete
[main 8026870] Auto backup: 2026-03-12 00:00:01 | 1 files
 1 file changed, 6 insertions(+)
To https://github.com/zhouyouhulianwang/openclaw-data.git
   d7f2060..8026870  main -> main
[2026-03-12 00:00:02] Backup complete
[main 8978b8c] Auto backup: 2026-03-12 06:00:01 | 1 files
 1 file changed, 5 insertions(+)
To https://github.com/zhouyouhulianwang/openclaw-data.git
   8026870..8978b8c  main -> main
[2026-03-12 06:00:02] Backup complete
[main 3f1c399] Auto backup: 2026-03-12 12:00:02 | 3 files
 3 files changed, 36 insertions(+)
To https://github.com/zhouyouhulianwang/openclaw-data.git
   ac5d111..3f1c399  main -> main
[2026-03-12 12:00:03] Backup complete
[main 5a449dd] Auto backup: 2026-03-12 18:00:01 | 2 files
 2 files changed, 15 insertions(+)
To https://github.com/zhouyouhulianwang/openclaw-data.git
   3f1c399..5a449dd  main -> main
[2026-03-12 18:00:03] Backup complete
[main 0ae635d] Auto backup: 2026-03-13 00:00:01 | 1 files
 1 file changed, 5 insertions(+)
To https://github.com/zhouyouhulianwang/openclaw-data.git
   5a449dd..0ae635d  main -> main
[2026-03-13 00:00:02] Backup complete
[main ed6ff69] Auto backup: 2026-03-13 06:00:01 | 1 files
 1 file changed, 5 insertions(+)
To https://github.com/zhouyouhulianwang/openclaw-data.git
   0ae635d..ed6ff69  main -> main
[2026-03-13 06:00:02] Backup complete
[main aed3cc2] Auto backup: 2026-03-13 12:00:02 | 3 files
 3 files changed, 36 insertions(+)
To https://github.com/zhouyouhulianwang/openclaw-data.git
   eeabe14..aed3cc2  main -> main
[2026-03-13 12:00:02] Backup complete
[main c439be6] Auto backup: 2026-03-13 18:00:01 | 2 files
 2 files changed, 15 insertions(+)
To https://github.com/zhouyouhulianwang/openclaw-data.git
   aed3cc2..c439be6  main -> main
[2026-03-13 18:00:02] Backup complete
[main 50f992f] Auto backup: 2026-03-14 00:00:01 | 1 files
 1 file changed, 5 insertions(+)
To https://github.com/zhouyouhulianwang/openclaw-data.git
   c439be6..50f992f  main -> main
[2026-03-14 00:00:03] Backup complete
[main 109290e] Auto backup: 2026-03-14 06:00:01 | 1 files
 1 file changed, 5 insertions(+)
To https://github.com/zhouyouhulianwang/openclaw-data.git
   50f992f..109290e  main -> main
[2026-03-14 06:00:03] Backup complete
