[2026-03-11 17:00:01] 生成A股/港股晨报...
[2026-03-11 17:00:01] ✅ A股/港股晨报已保存: CNHKMarketBrief/2026-03-11_CNHKMarketBrief.md
On branch main
Changes not staged for commit:
  (use "git add <file>..." to update what will be committed)
  (use "git restore <file>..." to discard changes in working directory)
	modified:   logs/backup.log

Untracked files:
  (use "git add <file>..." to include in what will be committed)
	logs/market-briefings.log

no changes added to commit (use "git add" and/or "git commit -a")
[2026-03-12 07:00:01] 生成美股晨报...
[2026-03-12 07:00:01] ✅ 美股晨报已保存: USMarketBrief/2026-03-12_USMarketBrief.md
On branch main
Changes not staged for commit:
  (use "git add <file>..." to update what will be committed)
  (use "git restore <file>..." to discard changes in working directory)
	modified:   logs/backup.log
	modified:   logs/market-briefings.log

no changes added to commit (use "git add" and/or "git commit -a")
[2026-03-12 08:00:01] 生成加密货币晨报...
[2026-03-12 08:00:01] ✅ 加密货币晨报已保存: CryptoBrief/2026-03-12_CryptoBrief.md
[main 22680a5] Market Briefings: 2026-03-12
 2 files changed, 20 insertions(+)
 create mode 100644 reports/daily-briefing/briefing_2026-03-12.md
[2026-03-12 08:30:01] 生成宏观经济晨报...
[2026-03-12 08:30:01] ✅ 宏观经济晨报已保存: MacroBrief/2026-03-12_MacroBrief.md
On branch main
Changes not staged for commit:
  (use "git add <file>..." to update what will be committed)
  (use "git restore <file>..." to discard changes in working directory)
	modified:   logs/backup.log
	modified:   logs/daily-briefing.log
	modified:   logs/market-briefings.log

no changes added to commit (use "git add" and/or "git commit -a")
[2026-03-12 17:00:01] 生成A股/港股晨报...
[2026-03-12 17:00:01] ✅ A股/港股晨报已保存: CNHKMarketBrief/2026-03-12_CNHKMarketBrief.md
On branch main
Changes not staged for commit:
  (use "git add <file>..." to update what will be committed)
  (use "git restore <file>..." to discard changes in working directory)
	modified:   logs/backup.log
	modified:   logs/market-briefings.log

no changes added to commit (use "git add" and/or "git commit -a")
[2026-03-13 07:00:01] 生成美股晨报...
[2026-03-13 07:00:01] ✅ 美股晨报已保存: USMarketBrief/2026-03-13_USMarketBrief.md
On branch main
Changes not staged for commit:
  (use "git add <file>..." to update what will be committed)
  (use "git restore <file>..." to discard changes in working directory)
	modified:   logs/backup.log
	modified:   logs/market-briefings.log

no changes added to commit (use "git add" and/or "git commit -a")
[2026-03-13 08:00:01] 生成加密货币晨报...
[2026-03-13 08:00:01] ✅ 加密货币晨报已保存: CryptoBrief/2026-03-13_CryptoBrief.md
[main 98761a7] Market Briefings: 2026-03-13
 2 files changed, 22 insertions(+)
 create mode 100644 reports/daily-briefing/briefing_2026-03-13.md
[2026-03-13 08:30:01] 生成宏观经济晨报...
[2026-03-13 08:30:01] ✅ 宏观经济晨报已保存: MacroBrief/2026-03-13_MacroBrief.md
On branch main
Changes not staged for commit:
  (use "git add <file>..." to update what will be committed)
  (use "git restore <file>..." to discard changes in working directory)
	modified:   logs/backup.log
	modified:   logs/daily-briefing.log
	modified:   logs/market-briefings.log

no changes added to commit (use "git add" and/or "git commit -a")
[2026-03-13 17:00:01] 生成A股/港股晨报...
[2026-03-13 17:00:01] ✅ A股/港股晨报已保存: CNHKMarketBrief/2026-03-13_CNHKMarketBrief.md
On branch main
Changes not staged for commit:
  (use "git add <file>..." to update what will be committed)
  (use "git restore <file>..." to discard changes in working directory)
	modified:   logs/backup.log
	modified:   logs/market-briefings.log

no changes added to commit (use "git add" and/or "git commit -a")
[2026-03-14 07:00:01] 生成美股晨报...
[2026-03-14 07:00:01] ✅ 美股晨报已保存: USMarketBrief/2026-03-14_USMarketBrief.md
On branch main
Changes not staged for commit:
  (use "git add <file>..." to update what will be committed)
  (use "git restore <file>..." to discard changes in working directory)
	modified:   logs/backup.log
	modified:   logs/market-briefings.log

no changes added to commit (use "git add" and/or "git commit -a")
[2026-03-14 08:00:01] 生成加密货币晨报...
[2026-03-14 08:00:01] ✅ 加密货币晨报已保存: CryptoBrief/2026-03-14_CryptoBrief.md
[main 40ac268] Market Briefings: 2026-03-14
 2 files changed, 20 insertions(+)
 create mode 100644 reports/daily-briefing/briefing_2026-03-14.md
[2026-03-14 08:30:01] 生成宏观经济晨报...
[2026-03-14 08:30:01] ✅ 宏观经济晨报已保存: MacroBrief/2026-03-14_MacroBrief.md
On branch main
Changes not staged for commit:
  (use "git add <file>..." to update what will be committed)
  (use "git restore <file>..." to discard changes in working directory)
	modified:   logs/backup.log
	modified:   logs/daily-briefing.log
	modified:   logs/market-briefings.log

no changes added to commit (use "git add" and/or "git commit -a")
